<?xml version="1.0" encoding="UTF-8"?>
<testng-results skipped="0" failed="0" ignored="0" total="1" passed="1">
  <reporter-output>
  </reporter-output>
  <suite name="Default suite" duration-ms="15163" started-at="2019-11-12T09:04:09Z" finished-at="2019-11-12T09:04:24Z">
    <groups>
    </groups>
    <test name="Default test" duration-ms="15163" started-at="2019-11-12T09:04:09Z" finished-at="2019-11-12T09:04:24Z">
      <class name="p2.Chrome">
        <test-method status="PASS" signature="before()[pri:0, instance:p2.Chrome@3ffc5af1]" name="before" is-config="true" duration-ms="8604" started-at="2019-11-12T09:04:09Z" finished-at="2019-11-12T09:04:17Z">
          <reporter-output>
          </reporter-output>
        </test-method> <!-- before -->
        <test-method status="PASS" signature="f()[pri:0, instance:p2.Chrome@3ffc5af1]" name="f" duration-ms="2380" started-at="2019-11-12T09:04:17Z" finished-at="2019-11-12T09:04:20Z">
          <reporter-output>
          </reporter-output>
        </test-method> <!-- f -->
        <test-method status="PASS" signature="after()[pri:0, instance:p2.Chrome@3ffc5af1]" name="after" is-config="true" duration-ms="4148" started-at="2019-11-12T09:04:20Z" finished-at="2019-11-12T09:04:24Z">
          <reporter-output>
          </reporter-output>
        </test-method> <!-- after -->
      </class> <!-- p2.Chrome -->
    </test> <!-- Default test -->
  </suite> <!-- Default suite -->
</testng-results>
